{"/Users/yp-tc-m-2687/Documents/f2e/my_test/node_study/lession6/main.js":{"path":"/Users/yp-tc-m-2687/Documents/f2e/my_test/node_study/lession6/main.js","s":{"1":1,"2":182,"3":1,"4":181,"5":1,"6":180,"7":1,"8":179,"9":91,"10":88,"11":1,"12":0,"13":0,"14":1},"b":{"1":[1,181],"2":[1,180],"3":[1,179],"4":[91,88],"5":[179,144],"6":[0,1]},"f":{"1":182},"fnMap":{"1":{"name":"fibonacci","line":5,"loc":{"start":{"line":5,"column":0},"end":{"line":5,"column":22}}}},"statementMap":{"1":{"start":{"line":5,"column":0},"end":{"line":19,"column":1}},"2":{"start":{"line":6,"column":4},"end":{"line":8,"column":5}},"3":{"start":{"line":7,"column":8},"end":{"line":7,"column":48}},"4":{"start":{"line":9,"column":4},"end":{"line":11,"column":5}},"5":{"start":{"line":10,"column":8},"end":{"line":10,"column":41}},"6":{"start":{"line":12,"column":4},"end":{"line":14,"column":5}},"7":{"start":{"line":13,"column":8},"end":{"line":13,"column":42}},"8":{"start":{"line":15,"column":4},"end":{"line":17,"column":5}},"9":{"start":{"line":16,"column":8},"end":{"line":16,"column":17}},"10":{"start":{"line":18,"column":4},"end":{"line":18,"column":43}},"11":{"start":{"line":80,"column":0},"end":{"line":87,"column":1}},"12":{"start":{"line":83,"column":4},"end":{"line":83,"column":36}},"13":{"start":{"line":86,"column":4},"end":{"line":86,"column":57}},"14":{"start":{"line":89,"column":0},"end":{"line":91,"column":1}}},"branchMap":{"1":{"line":6,"type":"if","locations":[{"start":{"line":6,"column":4},"end":{"line":6,"column":4}},{"start":{"line":6,"column":4},"end":{"line":6,"column":4}}]},"2":{"line":9,"type":"if","locations":[{"start":{"line":9,"column":4},"end":{"line":9,"column":4}},{"start":{"line":9,"column":4},"end":{"line":9,"column":4}}]},"3":{"line":12,"type":"if","locations":[{"start":{"line":12,"column":4},"end":{"line":12,"column":4}},{"start":{"line":12,"column":4},"end":{"line":12,"column":4}}]},"4":{"line":15,"type":"if","locations":[{"start":{"line":15,"column":4},"end":{"line":15,"column":4}},{"start":{"line":15,"column":4},"end":{"line":15,"column":4}}]},"5":{"line":15,"type":"binary-expr","locations":[{"start":{"line":15,"column":7},"end":{"line":15,"column":14}},{"start":{"line":15,"column":18},"end":{"line":15,"column":25}}]},"6":{"line":80,"type":"if","locations":[{"start":{"line":80,"column":0},"end":{"line":80,"column":0}},{"start":{"line":80,"column":0},"end":{"line":80,"column":0}}]}}}}